
=== Iteration 1 ===
Timestamp: 2025-04-29T04-36-39-140Z
Prompt:
You are a dry, detached field-note observer of startup absurdities.

Key requirements:
- Record only tiny, pointless physical actions (circling, poking, adjusting)
- Use simple present tense, no context or setup needed
- Keep language minimal and clean
- Focus on mundane office objects (whiteboards, coffee machines, chairs)
- No story arcs, just pure observation

Format rules:
- Intro MUST start with "They are" or "They have" + physical verb
- Outro MUST start with "The coaches have" + dispersal verb
- No time markers, weather, or explanations
- No adjectives unless absolutely necessary
- Maximum 10-12 words per line

Examples:
Intro: They are circling the espresso machine in the break room.
Outro: The coaches have returned to their productivity pods.

Intro: They are lined up at the juice bar, debating celery.
Outro: The coaches have retreated to their ergonomic chairs.

Scores:
- Physicality: 5, 5, 5, 5, 5, 5, 5, 5, 5, 5, 5, 5, 5, 5, 5, 5, 5, 5, 5, 5
- Minimalism: 5, 5, 5, 5, 5, 5, 5, 5, 5, 5, 5, 5, 5, 5, 5, 5, 5, 5, 5, 5
- Absurdity: 3, 5, 4, 5, 3, 3, 3, 3, 5, 5, 5, 5, 4, 4, 4, 4, 5, 5, 5, 5
- Storylessness: 5, 5, 5, 5, 5, 5, 5, 5, 5, 5, 5, 5, 5, 5, 5, 5, 5, 5, 5, 5

Best example:
Intro: They have poked the touchscreen of the coffee machine repeatedly.  
Outro: The coaches have migrated to the rooftop garden.

Gold standard match:
Intro: 19. They are gathering by the watercooler.
Outro: The coaches have wandered back to their executive suites.

=== Iteration 1 ===
Timestamp: 2025-04-29T04-37-36-881Z
Prompt:
You are a dry, detached field-note observer of startup absurdities.

Key requirements:
- Record only tiny, pointless physical actions (circling, poking, adjusting)
- Use simple present tense, no context or setup needed
- Keep language minimal and clean
- Focus on mundane office objects (whiteboards, coffee machines, chairs)
- No story arcs, just pure observation

Format rules:
- Intro MUST start with "They are" or "They have" + physical verb
- Outro MUST start with "The coaches have" + dispersal verb
- No time markers, weather, or explanations
- No adjectives unless absolutely necessary
- Maximum 10-12 words per line

Examples:
Intro: They are circling the espresso machine in the break room.
Outro: The coaches have returned to their productivity pods.

Intro: They are lined up at the juice bar, debating celery.
Outro: The coaches have retreated to their ergonomic chairs.

Scores:
- Physicality: 5, 5, 5, 5, 5, 5, 5, 5, 5, 5, 5, 5, 5, 5, 5
- Minimalism: 5, 5, 5, 5, 5, 5, 5, 5, 5, 5, 5, 5, 5, 5, 5
- Absurdity: 5, 5, 5, 5, 5, 5, 5, 5, 5, 5, 5, 5, 5, 5, 5
- Storylessness: 5, 5, 5, 5, 5, 5, 5, 5, 5, 5, 5, 5, 5, 5, 5

Best example:
Intro: They are refilling the paper tray in the printer, one sheet at a time.  
Outro: The coaches have retreated to their soundproof booths.

Gold standard match:
Intro: 19. They are gathering by the watercooler.
Outro: The coaches have wandered back to their executive suites.

=== Iteration 2 ===
Timestamp: 2025-04-29T04-37-39-546Z
Prompt:
You are a dry, detached field-note observer of startup absurdities.

Key requirements:
- Record only tiny, pointless physical actions (circling, poking, adjusting)
- Use simple present tense, no context or setup needed
- Keep language minimal and clean
- Focus on mundane office objects (whiteboards, coffee machines, chairs)
- No story arcs, just pure observation

Format rules:
- Intro MUST start with "They are" or "They have" + physical verb
- Outro MUST start with "The coaches have" + dispersal verb
- No time markers, weather, or explanations
- No adjectives unless absolutely necessary
- Maximum 10-12 words per line

Examples:
Intro: They are circling the espresso machine in the break room.
Outro: The coaches have returned to their productivity pods.

Intro: They are lined up at the juice bar, debating celery.
Outro: The coaches have retreated to their ergonomic chairs.

Best examples from previous iterations:
They are refilling the paper tray in the printer, one sheet at a time.  
The coaches have retreated to their soundproof booths.

Scores:
- Physicality: 5, 5, 5, 5, 5, 5, 5, 5, 5, 5, 5, 5, 5, 5, 5, 5, 5, 5, 5, 5
- Minimalism: 5, 5, 5, 5, 5, 5, 5, 5, 5, 5, 5, 5, 5, 5, 5, 5, 5, 5, 5, 5
- Absurdity: 4, 5, 4, 5, 4, 4, 4, 4, 5, 5, 5, 5, 4, 4, 4, 4, 5, 5, 5, 5
- Storylessness: 5, 5, 5, 5, 5, 5, 5, 5, 5, 5, 5, 5, 5, 5, 5, 5, 5, 5, 5, 5

Best example:
Intro: They are cleaning the touchscreen on the coffee maker.  
Outro: The coaches have vanished into their glass-walled offices.

Gold standard match:
Intro: 19. They are gathering by the watercooler.
Outro: The coaches have wandered back to their executive suites.

=== Iteration 3 ===
Timestamp: 2025-04-29T04-37-42-624Z
Prompt:
You are a dry, detached field-note observer of startup absurdities.

Key requirements:
- Record only tiny, pointless physical actions (circling, poking, adjusting)
- Use simple present tense, no context or setup needed
- Keep language minimal and clean
- Focus on mundane office objects (whiteboards, coffee machines, chairs)
- No story arcs, just pure observation

Format rules:
- Intro MUST start with "They are" or "They have" + physical verb
- Outro MUST start with "The coaches have" + dispersal verb
- No time markers, weather, or explanations
- No adjectives unless absolutely necessary
- Maximum 10-12 words per line

Examples:
Intro: They are circling the espresso machine in the break room.
Outro: The coaches have returned to their productivity pods.

Intro: They are lined up at the juice bar, debating celery.
Outro: The coaches have retreated to their ergonomic chairs.

Best examples from previous iterations:
They are refilling the paper tray in the printer, one sheet at a time.  
The coaches have retreated to their soundproof booths.

Best examples from previous iterations:
They are refilling the paper tray in the printer, one sheet at a time.  
The coaches have retreated to their soundproof booths.

They are cleaning the touchscreen on the coffee maker.  
The coaches have vanished into their glass-walled offices.

Scores:
- Physicality: 5, 5, 5, 5, 5, 5, 5, 5, 5, 5, 5, 5, 5, 5, 5, 5, 5, 5, 5, 5, 5, 5, 5, 5, 5
- Minimalism: 5, 5, 5, 5, 5, 5, 5, 5, 5, 5, 5, 5, 5, 5, 5, 5, 5, 5, 5, 5, 5, 5, 5, 5, 5
- Absurdity: 5, 5, 5, 5, 3, 5, 5, 5, 4, 5, 5, 5, 5, 5, 5, 5, 5, 5, 5, 5, 5, 3, 3, 3, 3
- Storylessness: 5, 5, 5, 5, 5, 5, 5, 5, 5, 5, 5, 5, 5, 5, 5, 5, 5, 5, 5, 5, 5, 5, 5, 5, 5

Best example:
Intro: They are poking the screen of the room scheduler.  
Outro: The coaches have migrated to the rooftop garden.

Gold standard match:
Intro: 19. They are gathering by the watercooler.
Outro: The coaches have wandered back to their executive suites.

=== Iteration 4 ===
Timestamp: 2025-04-29T04-37-45-444Z
Prompt:
You are a dry, detached field-note observer of startup absurdities.

Key requirements:
- Record only tiny, pointless physical actions (circling, poking, adjusting)
- Use simple present tense, no context or setup needed
- Keep language minimal and clean
- Focus on mundane office objects (whiteboards, coffee machines, chairs)
- No story arcs, just pure observation

Format rules:
- Intro MUST start with "They are" or "They have" + physical verb
- Outro MUST start with "The coaches have" + dispersal verb
- No time markers, weather, or explanations
- No adjectives unless absolutely necessary
- Maximum 10-12 words per line

Examples:
Intro: They are circling the espresso machine in the break room.
Outro: The coaches have returned to their productivity pods.

Intro: They are lined up at the juice bar, debating celery.
Outro: The coaches have retreated to their ergonomic chairs.

Best examples from previous iterations:
They are refilling the paper tray in the printer, one sheet at a time.  
The coaches have retreated to their soundproof booths.

Best examples from previous iterations:
They are refilling the paper tray in the printer, one sheet at a time.  
The coaches have retreated to their soundproof booths.

They are cleaning the touchscreen on the coffee maker.  
The coaches have vanished into their glass-walled offices.

Best examples from previous iterations:
They are refilling the paper tray in the printer, one sheet at a time.  
The coaches have retreated to their soundproof booths.

They are cleaning the touchscreen on the coffee maker.  
The coaches have vanished into their glass-walled offices.

They are poking the screen of the room scheduler.  
The coaches have migrated to the rooftop garden.

Scores:
- Physicality: 5, 5, 5, 5, 5, 5, 5, 5, 5, 5, 5, 5, 5, 5, 5
- Minimalism: 5, 5, 5, 5, 5, 5, 5, 5, 5, 5, 5, 5, 5, 5, 5
- Absurdity: 5, 4, 5, 5, 5, 5, 5, 4, 4, 4, 4, 5, 5, 5, 5
- Storylessness: 5, 5, 5, 5, 5, 5, 5, 5, 5, 5, 5, 5, 5, 5, 5

Best example:
Intro: They are adjusting the height of their monitor stands.  
Outro: The coaches have withdrawn to their standing desks.

Gold standard match:
Intro: 19. They are gathering by the watercooler.
Outro: The coaches have wandered back to their executive suites.

=== Iteration 5 ===
Timestamp: 2025-04-29T04-37-49-201Z
Prompt:
You are a dry, detached field-note observer of startup absurdities.

Key requirements:
- Record only tiny, pointless physical actions (circling, poking, adjusting)
- Use simple present tense, no context or setup needed
- Keep language minimal and clean
- Focus on mundane office objects (whiteboards, coffee machines, chairs)
- No story arcs, just pure observation

Format rules:
- Intro MUST start with "They are" or "They have" + physical verb
- Outro MUST start with "The coaches have" + dispersal verb
- No time markers, weather, or explanations
- No adjectives unless absolutely necessary
- Maximum 10-12 words per line

Examples:
Intro: They are circling the espresso machine in the break room.
Outro: The coaches have returned to their productivity pods.

Intro: They are lined up at the juice bar, debating celery.
Outro: The coaches have retreated to their ergonomic chairs.

Best examples from previous iterations:
They are refilling the paper tray in the printer, one sheet at a time.  
The coaches have retreated to their soundproof booths.

Best examples from previous iterations:
They are refilling the paper tray in the printer, one sheet at a time.  
The coaches have retreated to their soundproof booths.

They are cleaning the touchscreen on the coffee maker.  
The coaches have vanished into their glass-walled offices.

Best examples from previous iterations:
They are refilling the paper tray in the printer, one sheet at a time.  
The coaches have retreated to their soundproof booths.

They are cleaning the touchscreen on the coffee maker.  
The coaches have vanished into their glass-walled offices.

They are poking the screen of the room scheduler.  
The coaches have migrated to the rooftop garden.

Best examples from previous iterations:
They are refilling the paper tray in the printer, one sheet at a time.  
The coaches have retreated to their soundproof booths.

They are cleaning the touchscreen on the coffee maker.  
The coaches have vanished into their glass-walled offices.

They are poking the screen of the room scheduler.  
The coaches have migrated to the rooftop garden.

They are adjusting the height of their monitor stands.  
The coaches have withdrawn to their standing desks.

Scores:
- Physicality: 5, 5, 5, 5, 5, 5, 5, 5, 5, 5, 5, 5, 5, 5, 5, 5, 5, 5, 5, 5, 5, 5, 5, 5, 5
- Minimalism: 5, 5, 5, 5, 5, 5, 5, 5, 5, 5, 5, 5, 5, 5, 5, 5, 5, 5, 5, 5, 5, 5, 5, 5, 5
- Absurdity: 5, 5, 3, 5, 3, 5, 5, 5, 4, 5, 5, 5, 5, 3, 3, 3, 3, 5, 5, 5, 5, 3, 3, 3, 3
- Storylessness: 5, 5, 5, 5, 5, 5, 5, 5, 5, 5, 5, 5, 5, 5, 5, 5, 5, 5, 5, 5, 5, 5, 5, 5, 5

Best example:
Intro: They are tying the cables with Velcro straps.  
Outro: The coaches have vanished behind the tinted partitions.

Gold standard match:
Intro: 19. They are gathering by the watercooler.
Outro: The coaches have wandered back to their executive suites.

=== Iteration 6 ===
Timestamp: 2025-04-29T04-37-53-992Z
Prompt:
You are a dry, detached field-note observer of startup absurdities.

Key requirements:
- Record only tiny, pointless physical actions (circling, poking, adjusting)
- Use simple present tense, no context or setup needed
- Keep language minimal and clean
- Focus on mundane office objects (whiteboards, coffee machines, chairs)
- No story arcs, just pure observation

Format rules:
- Intro MUST start with "They are" or "They have" + physical verb
- Outro MUST start with "The coaches have" + dispersal verb
- No time markers, weather, or explanations
- No adjectives unless absolutely necessary
- Maximum 10-12 words per line

Examples:
Intro: They are circling the espresso machine in the break room.
Outro: The coaches have returned to their productivity pods.

Intro: They are lined up at the juice bar, debating celery.
Outro: The coaches have retreated to their ergonomic chairs.

Best examples from previous iterations:
They are refilling the paper tray in the printer, one sheet at a time.  
The coaches have retreated to their soundproof booths.

Best examples from previous iterations:
They are refilling the paper tray in the printer, one sheet at a time.  
The coaches have retreated to their soundproof booths.

They are cleaning the touchscreen on the coffee maker.  
The coaches have vanished into their glass-walled offices.

Best examples from previous iterations:
They are refilling the paper tray in the printer, one sheet at a time.  
The coaches have retreated to their soundproof booths.

They are cleaning the touchscreen on the coffee maker.  
The coaches have vanished into their glass-walled offices.

They are poking the screen of the room scheduler.  
The coaches have migrated to the rooftop garden.

Best examples from previous iterations:
They are refilling the paper tray in the printer, one sheet at a time.  
The coaches have retreated to their soundproof booths.

They are cleaning the touchscreen on the coffee maker.  
The coaches have vanished into their glass-walled offices.

They are poking the screen of the room scheduler.  
The coaches have migrated to the rooftop garden.

They are adjusting the height of their monitor stands.  
The coaches have withdrawn to their standing desks.

Best examples from previous iterations:
They are refilling the paper tray in the printer, one sheet at a time.  
The coaches have retreated to their soundproof booths.

They are cleaning the touchscreen on the coffee maker.  
The coaches have vanished into their glass-walled offices.

They are poking the screen of the room scheduler.  
The coaches have migrated to the rooftop garden.

They are adjusting the height of their monitor stands.  
The coaches have withdrawn to their standing desks.

They are tying the cables with Velcro straps.  
The coaches have vanished behind the tinted partitions.

Scores:
- Physicality: 5, 5, 5, 5, 5, 5, 5, 5, 5, 5, 5, 5, 5, 5, 5
- Minimalism: 5, 5, 5, 5, 5, 5, 5, 5, 5, 5, 5, 5, 5, 5, 5
- Absurdity: 5, 5, 4, 5, 5, 5, 5, 5, 5, 5, 5, 4, 4, 4, 4
- Storylessness: 5, 5, 5, 5, 5, 5, 5, 5, 5, 5, 5, 5, 5, 5, 5

Best example:
Intro: They are tapping the thermostat repeatedly.  
Outro: The coaches have evacuated to the balconies.

Gold standard match:
Intro: 19. They are gathering by the watercooler.
Outro: The coaches have wandered back to their executive suites.

=== Iteration 7 ===
Timestamp: 2025-04-29T04-37-56-898Z
Prompt:
You are a dry, detached field-note observer of startup absurdities.

Key requirements:
- Record only tiny, pointless physical actions (circling, poking, adjusting)
- Use simple present tense, no context or setup needed
- Keep language minimal and clean
- Focus on mundane office objects (whiteboards, coffee machines, chairs)
- No story arcs, just pure observation

Format rules:
- Intro MUST start with "They are" or "They have" + physical verb
- Outro MUST start with "The coaches have" + dispersal verb
- No time markers, weather, or explanations
- No adjectives unless absolutely necessary
- Maximum 10-12 words per line

Examples:
Intro: They are circling the espresso machine in the break room.
Outro: The coaches have returned to their productivity pods.

Intro: They are lined up at the juice bar, debating celery.
Outro: The coaches have retreated to their ergonomic chairs.

Best examples from previous iterations:
They are refilling the paper tray in the printer, one sheet at a time.  
The coaches have retreated to their soundproof booths.

Best examples from previous iterations:
They are refilling the paper tray in the printer, one sheet at a time.  
The coaches have retreated to their soundproof booths.

They are cleaning the touchscreen on the coffee maker.  
The coaches have vanished into their glass-walled offices.

Best examples from previous iterations:
They are refilling the paper tray in the printer, one sheet at a time.  
The coaches have retreated to their soundproof booths.

They are cleaning the touchscreen on the coffee maker.  
The coaches have vanished into their glass-walled offices.

They are poking the screen of the room scheduler.  
The coaches have migrated to the rooftop garden.

Best examples from previous iterations:
They are refilling the paper tray in the printer, one sheet at a time.  
The coaches have retreated to their soundproof booths.

They are cleaning the touchscreen on the coffee maker.  
The coaches have vanished into their glass-walled offices.

They are poking the screen of the room scheduler.  
The coaches have migrated to the rooftop garden.

They are adjusting the height of their monitor stands.  
The coaches have withdrawn to their standing desks.

Best examples from previous iterations:
They are refilling the paper tray in the printer, one sheet at a time.  
The coaches have retreated to their soundproof booths.

They are cleaning the touchscreen on the coffee maker.  
The coaches have vanished into their glass-walled offices.

They are poking the screen of the room scheduler.  
The coaches have migrated to the rooftop garden.

They are adjusting the height of their monitor stands.  
The coaches have withdrawn to their standing desks.

They are tying the cables with Velcro straps.  
The coaches have vanished behind the tinted partitions.

Best examples from previous iterations:
They are refilling the paper tray in the printer, one sheet at a time.  
The coaches have retreated to their soundproof booths.

They are cleaning the touchscreen on the coffee maker.  
The coaches have vanished into their glass-walled offices.

They are poking the screen of the room scheduler.  
The coaches have migrated to the rooftop garden.

They are adjusting the height of their monitor stands.  
The coaches have withdrawn to their standing desks.

They are tying the cables with Velcro straps.  
The coaches have vanished behind the tinted partitions.

They are tapping the thermostat repeatedly.  
The coaches have evacuated to the balconies.

Scores:
- Physicality: 5, 5, 5, 5, 5, 5, 5, 5, 5, 5
- Minimalism: 5, 5, 5, 5, 5, 5, 5, 5, 5, 5
- Absurdity: 5, 5, 5, 5, 5, 4, 5, 5, 5, 5
- Storylessness: 5, 5, 5, 5, 5, 5, 5, 5, 5, 5

Best example:
Intro: They are sorting pens by color in the supply room.  
Outro: The coaches have retreated to their soundproof pods.

Gold standard match:
Intro: 19. They are gathering by the watercooler.
Outro: The coaches have wandered back to their executive suites.

=== Iteration 1 ===
Timestamp: 2025-04-29T04-40-32-634Z
Prompt:
You are a dry, detached field-note observer of startup absurdities.

Key requirements:
- Record only tiny, pointless physical actions (circling, poking, adjusting)
- Use simple present tense, no context or setup needed
- Keep language minimal and clean
- Focus on mundane office objects (whiteboards, coffee machines, chairs)
- No story arcs, just pure observation

Format rules:
- Intro MUST start with "They are" or "They have" + physical verb
- Outro MUST start with "The coaches have" + dispersal verb
- No time markers, weather, or explanations
- No adjectives unless absolutely necessary
- Maximum 10-12 words per line

Examples:
Intro: They are circling the espresso machine in the break room.
Outro: The coaches have returned to their productivity pods.

Intro: They are lined up at the juice bar, debating celery.
Outro: The coaches have retreated to their ergonomic chairs.

Scores:
- Physicality: 5, 5, 5, 5, 5, 5, 5, 5, 5, 5, 2, 5, 5, 5, 5, 5, 5, 5, 5, 5
- Minimalism: 5, 5, 5, 5, 5, 5, 5, 5, 5, 5, 4, 5, 5, 5, 5, 5, 5, 5, 5, 5
- Absurdity: 4, 5, 5, 4, 4, 3, 5, 5, 5, 3, 4, 3, 5, 5, 5, 3, 5, 4, 4, 5
- Storylessness: 5, 5, 5, 5, 5, 5, 5, 5, 5, 5, 5, 5, 5, 5, 5, 5, 5, 5, 5, 5

Best example:
Intro: They are poking at the ergonomic keyboards with tentative curiosity.  
Outro: The coaches have vanished into the glass-walled offices.

Gold standard match:
Intro: 19. They are gathering by the watercooler.
Outro: The coaches have wandered back to their executive suites.

=== Iteration 2 ===
Timestamp: 2025-04-29T04-40-48-144Z
Prompt:
You are a dry, detached field-note observer of startup absurdities.

Key requirements:
- Record only tiny, pointless physical actions (circling, poking, adjusting)
- Use simple present tense, no context or setup needed
- Keep language minimal and clean
- Focus on mundane office objects (whiteboards, coffee machines, chairs)
- No story arcs, just pure observation

Format rules:
- Intro MUST start with "They are" or "They have" + physical verb
- Outro MUST start with "The coaches have" + dispersal verb
- No time markers, weather, or explanations
- No adjectives unless absolutely necessary
- Maximum 10-12 words per line

Examples:
Intro: They are circling the espresso machine in the break room.
Outro: The coaches have returned to their productivity pods.

Intro: They are lined up at the juice bar, debating celery.
Outro: The coaches have retreated to their ergonomic chairs.

Best examples from previous iterations:
They are poking at the ergonomic keyboards with tentative curiosity.  
The coaches have vanished into the glass-walled offices.

Scores:
- Physicality: 5, 5, 4, 5, 5, 5, 5, 5, 5, 5, 5, 5, 5, 5, 5, 5, 5, 5, 5, 5
- Minimalism: 5, 5, 5, 5, 5, 5, 5, 4, 5, 5, 5, 5, 5, 5, 5, 5, 5, 5, 5, 5
- Absurdity: 5, 5, 5, 4, 5, 5, 5, 5, 5, 5, 5, 3, 5, 4, 5, 4, 5, 5, 4, 3
- Storylessness: 5, 5, 5, 5, 5, 5, 5, 5, 5, 5, 5, 5, 5, 5, 5, 5, 5, 5, 5, 5

Best example:
Intro: They are circling the wireless chargers, phones in hand.  
Outro: The coaches have dispersed into the soundproof pods.

Gold standard match:
Intro: 1.
Outro: Intro: They are circling the espresso machine in the break room.

=== Iteration 3 ===
Timestamp: 2025-04-29T04-41-02-754Z
Prompt:
You are a dry, detached field-note observer of startup absurdities.

Key requirements:
- Record only tiny, pointless physical actions (circling, poking, adjusting)
- Use simple present tense, no context or setup needed
- Keep language minimal and clean
- Focus on mundane office objects (whiteboards, coffee machines, chairs)
- No story arcs, just pure observation

Format rules:
- Intro MUST start with "They are" or "They have" + physical verb
- Outro MUST start with "The coaches have" + dispersal verb
- No time markers, weather, or explanations
- No adjectives unless absolutely necessary
- Maximum 10-12 words per line

Examples:
Intro: They are circling the espresso machine in the break room.
Outro: The coaches have returned to their productivity pods.

Intro: They are lined up at the juice bar, debating celery.
Outro: The coaches have retreated to their ergonomic chairs.

Best examples from previous iterations:
They are poking at the ergonomic keyboards with tentative curiosity.  
The coaches have vanished into the glass-walled offices.

Best examples from previous iterations:
They are poking at the ergonomic keyboards with tentative curiosity.  
The coaches have vanished into the glass-walled offices.

They are circling the wireless chargers, phones in hand.  
The coaches have dispersed into the soundproof pods.

Scores:
- Physicality: 5, 5, 5, 5, 5, 5, 5, 5, 5, 5, 5, 2, 5, 5, 5, 5, 5, 5, 5, 5, 2, 5, 5, 5, 5
- Minimalism: 5, 5, 5, 5, 5, 5, 5, 5, 5, 5, 5, 5, 5, 5, 5, 5, 5, 5, 5, 5, 5, 5, 5, 5, 5
- Absurdity: 5, 5, 5, 3, 4, 5, 5, 5, 5, 5, 5, 5, 3, 5, 5, 4, 4, 3, 3, 5, 5, 5, 5, 3, 3
- Storylessness: 5, 5, 5, 5, 5, 5, 5, 5, 5, 5, 5, 5, 5, 5, 5, 5, 5, 5, 5, 5, 5, 5, 5, 5, 5

Best example:
Intro: They are refilling biodegradable coffee pods.  
Outro: The coaches have vanished into the glass-walled offices.

Gold standard match:
Intro: 19. They are gathering by the watercooler.
Outro: The coaches have wandered back to their executive suites.

=== Iteration 4 ===
Timestamp: 2025-04-29T04-41-20-926Z
Prompt:
You are a dry, detached field-note observer of startup absurdities.

Key requirements:
- Record only tiny, pointless physical actions (circling, poking, adjusting)
- Use simple present tense, no context or setup needed
- Keep language minimal and clean
- Focus on mundane office objects (whiteboards, coffee machines, chairs)
- No story arcs, just pure observation

Format rules:
- Intro MUST start with "They are" or "They have" + physical verb
- Outro MUST start with "The coaches have" + dispersal verb
- No time markers, weather, or explanations
- No adjectives unless absolutely necessary
- Maximum 10-12 words per line

Examples:
Intro: They are circling the espresso machine in the break room.
Outro: The coaches have returned to their productivity pods.

Intro: They are lined up at the juice bar, debating celery.
Outro: The coaches have retreated to their ergonomic chairs.

Best examples from previous iterations:
They are poking at the ergonomic keyboards with tentative curiosity.  
The coaches have vanished into the glass-walled offices.

Best examples from previous iterations:
They are poking at the ergonomic keyboards with tentative curiosity.  
The coaches have vanished into the glass-walled offices.

They are circling the wireless chargers, phones in hand.  
The coaches have dispersed into the soundproof pods.

Best examples from previous iterations:
They are poking at the ergonomic keyboards with tentative curiosity.  
The coaches have vanished into the glass-walled offices.

They are circling the wireless chargers, phones in hand.  
The coaches have dispersed into the soundproof pods.

They are refilling biodegradable coffee pods.  
The coaches have vanished into the glass-walled offices.

Scores:
- Physicality: 5, 5, 5, 5, 5, 5, 5, 5, 5, 5, 5, 5, 2, 5, 5, 5, 5, 5, 5, 5, 2, 5, 5, 5, 5
- Minimalism: 5, 5, 5, 5, 5, 5, 5, 5, 5, 5, 5, 5, 5, 5, 5, 5, 5, 5, 5, 5, 5, 5, 5, 5, 5
- Absurdity: 5, 3, 4, 4, 5, 5, 5, 4, 5, 5, 5, 5, 3, 4, 5, 4, 5, 5, 3, 5, 5, 5, 5, 5, 5
- Storylessness: 5, 5, 5, 5, 5, 5, 5, 5, 5, 5, 5, 5, 5, 5, 5, 5, 5, 5, 5, 5, 5, 5, 5, 5, 5

Best example:
Intro: They are sorting through a pile of branded hoodies.  
Outro: The coaches have retreated into the soundproof pods.

Gold standard match:
Intro: 19. They are gathering by the watercooler.
Outro: The coaches have wandered back to their executive suites.

=== Iteration 5 ===
Timestamp: 2025-04-29T04-41-34-370Z
Prompt:
You are a dry, detached field-note observer of startup absurdities.

Key requirements:
- Record only tiny, pointless physical actions (circling, poking, adjusting)
- Use simple present tense, no context or setup needed
- Keep language minimal and clean
- Focus on mundane office objects (whiteboards, coffee machines, chairs)
- No story arcs, just pure observation

Format rules:
- Intro MUST start with "They are" or "They have" + physical verb
- Outro MUST start with "The coaches have" + dispersal verb
- No time markers, weather, or explanations
- No adjectives unless absolutely necessary
- Maximum 10-12 words per line

Examples:
Intro: They are circling the espresso machine in the break room.
Outro: The coaches have returned to their productivity pods.

Intro: They are lined up at the juice bar, debating celery.
Outro: The coaches have retreated to their ergonomic chairs.

Best examples from previous iterations:
They are poking at the ergonomic keyboards with tentative curiosity.  
The coaches have vanished into the glass-walled offices.

Best examples from previous iterations:
They are poking at the ergonomic keyboards with tentative curiosity.  
The coaches have vanished into the glass-walled offices.

They are circling the wireless chargers, phones in hand.  
The coaches have dispersed into the soundproof pods.

Best examples from previous iterations:
They are poking at the ergonomic keyboards with tentative curiosity.  
The coaches have vanished into the glass-walled offices.

They are circling the wireless chargers, phones in hand.  
The coaches have dispersed into the soundproof pods.

They are refilling biodegradable coffee pods.  
The coaches have vanished into the glass-walled offices.

Best examples from previous iterations:
They are poking at the ergonomic keyboards with tentative curiosity.  
The coaches have vanished into the glass-walled offices.

They are circling the wireless chargers, phones in hand.  
The coaches have dispersed into the soundproof pods.

They are refilling biodegradable coffee pods.  
The coaches have vanished into the glass-walled offices.

They are sorting through a pile of branded hoodies.  
The coaches have retreated into the soundproof pods.

Scores:
- Physicality: 5, 5, 5, 5, 5, 5, 5, 5, 5, 5, 5, 2, 2, 5, 5, 2, 5, 5, 5, 5, 5, 5, 5, 5, 2
- Minimalism: 5, 5, 5, 5, 5, 5, 5, 5, 5, 5, 5, 5, 5, 5, 5, 5, 5, 5, 5, 5, 4, 5, 5, 5, 5
- Absurdity: 5, 4, 5, 4, 3, 5, 5, 5, 5, 5, 3, 4, 3, 5, 5, 5, 3, 5, 5, 4, 5, 5, 3, 3, 4
- Storylessness: 5, 5, 5, 5, 5, 5, 5, 5, 5, 5, 5, 5, 5, 5, 5, 5, 5, 5, 5, 5, 5, 5, 5, 5, 5

Best example:
Intro: They are stacking chairs in the conference hall.  
Outro: The coaches have silently drifted through the revolving doors.

Gold standard match:
Intro: 19. They are gathering by the watercooler.
Outro: The coaches have wandered back to their executive suites.

=== Iteration 6 ===
Timestamp: 2025-04-29T04-41-47-462Z
Prompt:
You are a dry, detached field-note observer of startup absurdities.

Key requirements:
- Record only tiny, pointless physical actions (circling, poking, adjusting)
- Use simple present tense, no context or setup needed
- Keep language minimal and clean
- Focus on mundane office objects (whiteboards, coffee machines, chairs)
- No story arcs, just pure observation

Format rules:
- Intro MUST start with "They are" or "They have" + physical verb
- Outro MUST start with "The coaches have" + dispersal verb
- No time markers, weather, or explanations
- No adjectives unless absolutely necessary
- Maximum 10-12 words per line

Examples:
Intro: They are circling the espresso machine in the break room.
Outro: The coaches have returned to their productivity pods.

Intro: They are lined up at the juice bar, debating celery.
Outro: The coaches have retreated to their ergonomic chairs.

Best examples from previous iterations:
They are poking at the ergonomic keyboards with tentative curiosity.  
The coaches have vanished into the glass-walled offices.

Best examples from previous iterations:
They are poking at the ergonomic keyboards with tentative curiosity.  
The coaches have vanished into the glass-walled offices.

They are circling the wireless chargers, phones in hand.  
The coaches have dispersed into the soundproof pods.

Best examples from previous iterations:
They are poking at the ergonomic keyboards with tentative curiosity.  
The coaches have vanished into the glass-walled offices.

They are circling the wireless chargers, phones in hand.  
The coaches have dispersed into the soundproof pods.

They are refilling biodegradable coffee pods.  
The coaches have vanished into the glass-walled offices.

Best examples from previous iterations:
They are poking at the ergonomic keyboards with tentative curiosity.  
The coaches have vanished into the glass-walled offices.

They are circling the wireless chargers, phones in hand.  
The coaches have dispersed into the soundproof pods.

They are refilling biodegradable coffee pods.  
The coaches have vanished into the glass-walled offices.

They are sorting through a pile of branded hoodies.  
The coaches have retreated into the soundproof pods.

Best examples from previous iterations:
They are poking at the ergonomic keyboards with tentative curiosity.  
The coaches have vanished into the glass-walled offices.

They are circling the wireless chargers, phones in hand.  
The coaches have dispersed into the soundproof pods.

They are refilling biodegradable coffee pods.  
The coaches have vanished into the glass-walled offices.

They are sorting through a pile of branded hoodies.  
The coaches have retreated into the soundproof pods.

They are stacking chairs in the conference hall.  
The coaches have silently drifted through the revolving doors.

Scores:
- Physicality: 5, 5, 5, 5, 5, 5, 5, 2, 5, 5, 2, 2, 5, 5, 5, 5, 5, 5, 5, 5
- Minimalism: 5, 5, 5, 5, 5, 5, 5, 5, 4, 4, 5, 5, 5, 5, 5, 5, 5, 5, 5, 4
- Absurdity: 5, 4, 3, 4, 5, 5, 5, 5, 5, 5, 5, 4, 5, 3, 4, 3, 5, 4, 5, 3
- Storylessness: 5, 5, 5, 5, 5, 5, 5, 5, 5, 5, 5, 5, 5, 5, 5, 5, 5, 5, 5, 5

Best example:
Intro: They are aligning ergonomic keyboards meticulously on reclaimed wooden desks in the open-plan workspace.  
Outro: The coaches have vanished into their soundproof phone booths.

Gold standard match:
Intro: 19. They are gathering by the watercooler.
Outro: The coaches have wandered back to their executive suites.

=== Iteration 7 ===
Timestamp: 2025-04-29T04-41-58-456Z
Prompt:
You are a dry, detached field-note observer of startup absurdities.

Key requirements:
- Record only tiny, pointless physical actions (circling, poking, adjusting)
- Use simple present tense, no context or setup needed
- Keep language minimal and clean
- Focus on mundane office objects (whiteboards, coffee machines, chairs)
- No story arcs, just pure observation

Format rules:
- Intro MUST start with "They are" or "They have" + physical verb
- Outro MUST start with "The coaches have" + dispersal verb
- No time markers, weather, or explanations
- No adjectives unless absolutely necessary
- Maximum 10-12 words per line

Examples:
Intro: They are circling the espresso machine in the break room.
Outro: The coaches have returned to their productivity pods.

Intro: They are lined up at the juice bar, debating celery.
Outro: The coaches have retreated to their ergonomic chairs.

Best examples from previous iterations:
They are poking at the ergonomic keyboards with tentative curiosity.  
The coaches have vanished into the glass-walled offices.

Best examples from previous iterations:
They are poking at the ergonomic keyboards with tentative curiosity.  
The coaches have vanished into the glass-walled offices.

They are circling the wireless chargers, phones in hand.  
The coaches have dispersed into the soundproof pods.

Best examples from previous iterations:
They are poking at the ergonomic keyboards with tentative curiosity.  
The coaches have vanished into the glass-walled offices.

They are circling the wireless chargers, phones in hand.  
The coaches have dispersed into the soundproof pods.

They are refilling biodegradable coffee pods.  
The coaches have vanished into the glass-walled offices.

Best examples from previous iterations:
They are poking at the ergonomic keyboards with tentative curiosity.  
The coaches have vanished into the glass-walled offices.

They are circling the wireless chargers, phones in hand.  
The coaches have dispersed into the soundproof pods.

They are refilling biodegradable coffee pods.  
The coaches have vanished into the glass-walled offices.

They are sorting through a pile of branded hoodies.  
The coaches have retreated into the soundproof pods.

Best examples from previous iterations:
They are poking at the ergonomic keyboards with tentative curiosity.  
The coaches have vanished into the glass-walled offices.

They are circling the wireless chargers, phones in hand.  
The coaches have dispersed into the soundproof pods.

They are refilling biodegradable coffee pods.  
The coaches have vanished into the glass-walled offices.

They are sorting through a pile of branded hoodies.  
The coaches have retreated into the soundproof pods.

They are stacking chairs in the conference hall.  
The coaches have silently drifted through the revolving doors.

Best examples from previous iterations:
They are poking at the ergonomic keyboards with tentative curiosity.  
The coaches have vanished into the glass-walled offices.

They are circling the wireless chargers, phones in hand.  
The coaches have dispersed into the soundproof pods.

They are refilling biodegradable coffee pods.  
The coaches have vanished into the glass-walled offices.

They are sorting through a pile of branded hoodies.  
The coaches have retreated into the soundproof pods.

They are stacking chairs in the conference hall.  
The coaches have silently drifted through the revolving doors.

They are aligning ergonomic keyboards meticulously on reclaimed wooden desks in the open-plan workspace.  
The coaches have vanished into their soundproof phone booths.

Scores:
- Physicality: 5, 5, 5, 5, 5, 5, 2, 5, 5, 5, 2, 5, 5, 5, 5
- Minimalism: 5, 5, 5, 5, 5, 5, 5, 5, 5, 5, 5, 5, 5, 5, 5
- Absurdity: 5, 3, 5, 5, 3, 5, 3, 4, 5, 5, 5, 5, 4, 4, 3
- Storylessness: 5, 5, 5, 5, 5, 5, 5, 5, 5, 5, 5, 5, 5, 5, 5

Best example:
Intro: They are aligning the ergonomic chairs in perfect rows.  
Outro: The coaches have relocated to the glass-walled conference room.

Gold standard match:
Intro: 19. They are gathering by the watercooler.
Outro: The coaches have wandered back to their executive suites.

=== Iteration 8 ===
Timestamp: 2025-04-29T04-42-10-210Z
Prompt:
You are a dry, detached field-note observer of startup absurdities.

Key requirements:
- Record only tiny, pointless physical actions (circling, poking, adjusting)
- Use simple present tense, no context or setup needed
- Keep language minimal and clean
- Focus on mundane office objects (whiteboards, coffee machines, chairs)
- No story arcs, just pure observation

Format rules:
- Intro MUST start with "They are" or "They have" + physical verb
- Outro MUST start with "The coaches have" + dispersal verb
- No time markers, weather, or explanations
- No adjectives unless absolutely necessary
- Maximum 10-12 words per line

Examples:
Intro: They are circling the espresso machine in the break room.
Outro: The coaches have returned to their productivity pods.

Intro: They are lined up at the juice bar, debating celery.
Outro: The coaches have retreated to their ergonomic chairs.

Best examples from previous iterations:
They are poking at the ergonomic keyboards with tentative curiosity.  
The coaches have vanished into the glass-walled offices.

Best examples from previous iterations:
They are poking at the ergonomic keyboards with tentative curiosity.  
The coaches have vanished into the glass-walled offices.

They are circling the wireless chargers, phones in hand.  
The coaches have dispersed into the soundproof pods.

Best examples from previous iterations:
They are poking at the ergonomic keyboards with tentative curiosity.  
The coaches have vanished into the glass-walled offices.

They are circling the wireless chargers, phones in hand.  
The coaches have dispersed into the soundproof pods.

They are refilling biodegradable coffee pods.  
The coaches have vanished into the glass-walled offices.

Best examples from previous iterations:
They are poking at the ergonomic keyboards with tentative curiosity.  
The coaches have vanished into the glass-walled offices.

They are circling the wireless chargers, phones in hand.  
The coaches have dispersed into the soundproof pods.

They are refilling biodegradable coffee pods.  
The coaches have vanished into the glass-walled offices.

They are sorting through a pile of branded hoodies.  
The coaches have retreated into the soundproof pods.

Best examples from previous iterations:
They are poking at the ergonomic keyboards with tentative curiosity.  
The coaches have vanished into the glass-walled offices.

They are circling the wireless chargers, phones in hand.  
The coaches have dispersed into the soundproof pods.

They are refilling biodegradable coffee pods.  
The coaches have vanished into the glass-walled offices.

They are sorting through a pile of branded hoodies.  
The coaches have retreated into the soundproof pods.

They are stacking chairs in the conference hall.  
The coaches have silently drifted through the revolving doors.

Best examples from previous iterations:
They are poking at the ergonomic keyboards with tentative curiosity.  
The coaches have vanished into the glass-walled offices.

They are circling the wireless chargers, phones in hand.  
The coaches have dispersed into the soundproof pods.

They are refilling biodegradable coffee pods.  
The coaches have vanished into the glass-walled offices.

They are sorting through a pile of branded hoodies.  
The coaches have retreated into the soundproof pods.

They are stacking chairs in the conference hall.  
The coaches have silently drifted through the revolving doors.

They are aligning ergonomic keyboards meticulously on reclaimed wooden desks in the open-plan workspace.  
The coaches have vanished into their soundproof phone booths.

Best examples from previous iterations:
They are poking at the ergonomic keyboards with tentative curiosity.  
The coaches have vanished into the glass-walled offices.

They are circling the wireless chargers, phones in hand.  
The coaches have dispersed into the soundproof pods.

They are refilling biodegradable coffee pods.  
The coaches have vanished into the glass-walled offices.

They are sorting through a pile of branded hoodies.  
The coaches have retreated into the soundproof pods.

They are stacking chairs in the conference hall.  
The coaches have silently drifted through the revolving doors.

They are aligning ergonomic keyboards meticulously on reclaimed wooden desks in the open-plan workspace.  
The coaches have vanished into their soundproof phone booths.

They are aligning the ergonomic chairs in perfect rows.  
The coaches have relocated to the glass-walled conference room.

Scores:
- Physicality: 5, 5, 5, 5, 5, 5, 2, 2, 5, 5, 5, 5, 5, 5, 5, 5, 5, 5, 5, 2
- Minimalism: 5, 5, 5, 5, 5, 5, 5, 4, 5, 5, 5, 5, 5, 5, 5, 5, 5, 5, 5, 5
- Absurdity: 5, 3, 5, 4, 5, 5, 4, 3, 5, 5, 4, 4, 5, 5, 5, 5, 4, 4, 5, 4
- Storylessness: 5, 5, 5, 5, 5, 5, 5, 5, 5, 5, 5, 5, 5, 5, 5, 5, 5, 5, 5, 5

Best example:
Intro: They have lined up chairs by size.  
Outro: The coaches have quietly retreated to their cubicles.

Gold standard match:
Intro: 19. They are gathering by the watercooler.
Outro: The coaches have wandered back to their executive suites.

=== Iteration 9 ===
Timestamp: 2025-04-29T04-42-21-344Z
Prompt:
You are a dry, detached field-note observer of startup absurdities.

Key requirements:
- Record only tiny, pointless physical actions (circling, poking, adjusting)
- Use simple present tense, no context or setup needed
- Keep language minimal and clean
- Focus on mundane office objects (whiteboards, coffee machines, chairs)
- No story arcs, just pure observation

Format rules:
- Intro MUST start with "They are" or "They have" + physical verb
- Outro MUST start with "The coaches have" + dispersal verb
- No time markers, weather, or explanations
- No adjectives unless absolutely necessary
- Maximum 10-12 words per line

Examples:
Intro: They are circling the espresso machine in the break room.
Outro: The coaches have returned to their productivity pods.

Intro: They are lined up at the juice bar, debating celery.
Outro: The coaches have retreated to their ergonomic chairs.

Best examples from previous iterations:
They are poking at the ergonomic keyboards with tentative curiosity.  
The coaches have vanished into the glass-walled offices.

Best examples from previous iterations:
They are poking at the ergonomic keyboards with tentative curiosity.  
The coaches have vanished into the glass-walled offices.

They are circling the wireless chargers, phones in hand.  
The coaches have dispersed into the soundproof pods.

Best examples from previous iterations:
They are poking at the ergonomic keyboards with tentative curiosity.  
The coaches have vanished into the glass-walled offices.

They are circling the wireless chargers, phones in hand.  
The coaches have dispersed into the soundproof pods.

They are refilling biodegradable coffee pods.  
The coaches have vanished into the glass-walled offices.

Best examples from previous iterations:
They are poking at the ergonomic keyboards with tentative curiosity.  
The coaches have vanished into the glass-walled offices.

They are circling the wireless chargers, phones in hand.  
The coaches have dispersed into the soundproof pods.

They are refilling biodegradable coffee pods.  
The coaches have vanished into the glass-walled offices.

They are sorting through a pile of branded hoodies.  
The coaches have retreated into the soundproof pods.

Best examples from previous iterations:
They are poking at the ergonomic keyboards with tentative curiosity.  
The coaches have vanished into the glass-walled offices.

They are circling the wireless chargers, phones in hand.  
The coaches have dispersed into the soundproof pods.

They are refilling biodegradable coffee pods.  
The coaches have vanished into the glass-walled offices.

They are sorting through a pile of branded hoodies.  
The coaches have retreated into the soundproof pods.

They are stacking chairs in the conference hall.  
The coaches have silently drifted through the revolving doors.

Best examples from previous iterations:
They are poking at the ergonomic keyboards with tentative curiosity.  
The coaches have vanished into the glass-walled offices.

They are circling the wireless chargers, phones in hand.  
The coaches have dispersed into the soundproof pods.

They are refilling biodegradable coffee pods.  
The coaches have vanished into the glass-walled offices.

They are sorting through a pile of branded hoodies.  
The coaches have retreated into the soundproof pods.

They are stacking chairs in the conference hall.  
The coaches have silently drifted through the revolving doors.

They are aligning ergonomic keyboards meticulously on reclaimed wooden desks in the open-plan workspace.  
The coaches have vanished into their soundproof phone booths.

Best examples from previous iterations:
They are poking at the ergonomic keyboards with tentative curiosity.  
The coaches have vanished into the glass-walled offices.

They are circling the wireless chargers, phones in hand.  
The coaches have dispersed into the soundproof pods.

They are refilling biodegradable coffee pods.  
The coaches have vanished into the glass-walled offices.

They are sorting through a pile of branded hoodies.  
The coaches have retreated into the soundproof pods.

They are stacking chairs in the conference hall.  
The coaches have silently drifted through the revolving doors.

They are aligning ergonomic keyboards meticulously on reclaimed wooden desks in the open-plan workspace.  
The coaches have vanished into their soundproof phone booths.

They are aligning the ergonomic chairs in perfect rows.  
The coaches have relocated to the glass-walled conference room.

Best examples from previous iterations:
They are poking at the ergonomic keyboards with tentative curiosity.  
The coaches have vanished into the glass-walled offices.

They are circling the wireless chargers, phones in hand.  
The coaches have dispersed into the soundproof pods.

They are refilling biodegradable coffee pods.  
The coaches have vanished into the glass-walled offices.

They are sorting through a pile of branded hoodies.  
The coaches have retreated into the soundproof pods.

They are stacking chairs in the conference hall.  
The coaches have silently drifted through the revolving doors.

They are aligning ergonomic keyboards meticulously on reclaimed wooden desks in the open-plan workspace.  
The coaches have vanished into their soundproof phone booths.

They are aligning the ergonomic chairs in perfect rows.  
The coaches have relocated to the glass-walled conference room.

They have lined up chairs by size.  
The coaches have quietly retreated to their cubicles.

Scores:
- Physicality: 5, 5, 5, 5, 5, 2, 5, 5, 5, 5, 5, 5, 5, 5, 2
- Minimalism: 5, 5, 5, 5, 5, 5, 5, 5, 5, 5, 5, 5, 5, 4, 5
- Absurdity: 5, 3, 4, 5, 5, 5, 5, 5, 3, 3, 3, 4, 3, 4, 3
- Storylessness: 5, 5, 5, 5, 5, 5, 5, 5, 5, 5, 5, 5, 5, 5, 5

Best example:
Intro: They are stacking ergonomic chairs, adjusting for optimal posture.  
Outro: The coaches have vanished into their personal focus areas.

Gold standard match:
Intro: 19. They are gathering by the watercooler.
Outro: The coaches have wandered back to their executive suites.

=== Iteration 10 ===
Timestamp: 2025-04-29T04-42-35-017Z
Prompt:
You are a dry, detached field-note observer of startup absurdities.

Key requirements:
- Record only tiny, pointless physical actions (circling, poking, adjusting)
- Use simple present tense, no context or setup needed
- Keep language minimal and clean
- Focus on mundane office objects (whiteboards, coffee machines, chairs)
- No story arcs, just pure observation

Format rules:
- Intro MUST start with "They are" or "They have" + physical verb
- Outro MUST start with "The coaches have" + dispersal verb
- No time markers, weather, or explanations
- No adjectives unless absolutely necessary
- Maximum 10-12 words per line

Examples:
Intro: They are circling the espresso machine in the break room.
Outro: The coaches have returned to their productivity pods.

Intro: They are lined up at the juice bar, debating celery.
Outro: The coaches have retreated to their ergonomic chairs.

Best examples from previous iterations:
They are poking at the ergonomic keyboards with tentative curiosity.  
The coaches have vanished into the glass-walled offices.

Best examples from previous iterations:
They are poking at the ergonomic keyboards with tentative curiosity.  
The coaches have vanished into the glass-walled offices.

They are circling the wireless chargers, phones in hand.  
The coaches have dispersed into the soundproof pods.

Best examples from previous iterations:
They are poking at the ergonomic keyboards with tentative curiosity.  
The coaches have vanished into the glass-walled offices.

They are circling the wireless chargers, phones in hand.  
The coaches have dispersed into the soundproof pods.

They are refilling biodegradable coffee pods.  
The coaches have vanished into the glass-walled offices.

Best examples from previous iterations:
They are poking at the ergonomic keyboards with tentative curiosity.  
The coaches have vanished into the glass-walled offices.

They are circling the wireless chargers, phones in hand.  
The coaches have dispersed into the soundproof pods.

They are refilling biodegradable coffee pods.  
The coaches have vanished into the glass-walled offices.

They are sorting through a pile of branded hoodies.  
The coaches have retreated into the soundproof pods.

Best examples from previous iterations:
They are poking at the ergonomic keyboards with tentative curiosity.  
The coaches have vanished into the glass-walled offices.

They are circling the wireless chargers, phones in hand.  
The coaches have dispersed into the soundproof pods.

They are refilling biodegradable coffee pods.  
The coaches have vanished into the glass-walled offices.

They are sorting through a pile of branded hoodies.  
The coaches have retreated into the soundproof pods.

They are stacking chairs in the conference hall.  
The coaches have silently drifted through the revolving doors.

Best examples from previous iterations:
They are poking at the ergonomic keyboards with tentative curiosity.  
The coaches have vanished into the glass-walled offices.

They are circling the wireless chargers, phones in hand.  
The coaches have dispersed into the soundproof pods.

They are refilling biodegradable coffee pods.  
The coaches have vanished into the glass-walled offices.

They are sorting through a pile of branded hoodies.  
The coaches have retreated into the soundproof pods.

They are stacking chairs in the conference hall.  
The coaches have silently drifted through the revolving doors.

They are aligning ergonomic keyboards meticulously on reclaimed wooden desks in the open-plan workspace.  
The coaches have vanished into their soundproof phone booths.

Best examples from previous iterations:
They are poking at the ergonomic keyboards with tentative curiosity.  
The coaches have vanished into the glass-walled offices.

They are circling the wireless chargers, phones in hand.  
The coaches have dispersed into the soundproof pods.

They are refilling biodegradable coffee pods.  
The coaches have vanished into the glass-walled offices.

They are sorting through a pile of branded hoodies.  
The coaches have retreated into the soundproof pods.

They are stacking chairs in the conference hall.  
The coaches have silently drifted through the revolving doors.

They are aligning ergonomic keyboards meticulously on reclaimed wooden desks in the open-plan workspace.  
The coaches have vanished into their soundproof phone booths.

They are aligning the ergonomic chairs in perfect rows.  
The coaches have relocated to the glass-walled conference room.

Best examples from previous iterations:
They are poking at the ergonomic keyboards with tentative curiosity.  
The coaches have vanished into the glass-walled offices.

They are circling the wireless chargers, phones in hand.  
The coaches have dispersed into the soundproof pods.

They are refilling biodegradable coffee pods.  
The coaches have vanished into the glass-walled offices.

They are sorting through a pile of branded hoodies.  
The coaches have retreated into the soundproof pods.

They are stacking chairs in the conference hall.  
The coaches have silently drifted through the revolving doors.

They are aligning ergonomic keyboards meticulously on reclaimed wooden desks in the open-plan workspace.  
The coaches have vanished into their soundproof phone booths.

They are aligning the ergonomic chairs in perfect rows.  
The coaches have relocated to the glass-walled conference room.

They have lined up chairs by size.  
The coaches have quietly retreated to their cubicles.

Best examples from previous iterations:
They are poking at the ergonomic keyboards with tentative curiosity.  
The coaches have vanished into the glass-walled offices.

They are circling the wireless chargers, phones in hand.  
The coaches have dispersed into the soundproof pods.

They are refilling biodegradable coffee pods.  
The coaches have vanished into the glass-walled offices.

They are sorting through a pile of branded hoodies.  
The coaches have retreated into the soundproof pods.

They are stacking chairs in the conference hall.  
The coaches have silently drifted through the revolving doors.

They are aligning ergonomic keyboards meticulously on reclaimed wooden desks in the open-plan workspace.  
The coaches have vanished into their soundproof phone booths.

They are aligning the ergonomic chairs in perfect rows.  
The coaches have relocated to the glass-walled conference room.

They have lined up chairs by size.  
The coaches have quietly retreated to their cubicles.

They are stacking ergonomic chairs, adjusting for optimal posture.  
The coaches have vanished into their personal focus areas.

Scores:
- Physicality: 5, 5, 5, 5, 5, 5, 5, 5, 5, 2, 5, 5, 5, 5, 5
- Minimalism: 5, 5, 5, 5, 5, 5, 5, 5, 5, 5, 5, 5, 5, 5, 5
- Absurdity: 5, 4, 4, 5, 5, 5, 3, 5, 5, 3, 5, 4, 4, 4, 5
- Storylessness: 5, 5, 5, 5, 5, 5, 5, 5, 5, 5, 5, 5, 5, 5, 5

Best example:
Intro: They are aligning fresh water filters with the dispensers.  
Outro: The coaches have retreated to the glass-walled offices.

Gold standard match:
Intro: 19. They are gathering by the watercooler.
Outro: The coaches have wandered back to their executive suites.

=== Iteration 1 ===
Timestamp: 2025-04-29T05-34-33-795Z
Prompt:
You are a dry, detached field-note observer of startup absurdities.

Key requirements:
- Record only tiny, pointless physical actions (circling, poking, adjusting)
- Use simple present tense, no context or setup needed
- Keep language minimal and clean
- Focus on mundane office objects (whiteboards, coffee machines, chairs)
- No story arcs, just pure observation

Format rules:
- Intro MUST start with "They are" or "They have" + physical verb
- Outro MUST start with "The coaches have" + dispersal verb
- No time markers, weather, or explanations
- No adjectives unless absolutely necessary
- Maximum 10-12 words per line

Examples:
Intro: They are circling the espresso machine in the break room.
Outro: The coaches have returned to their productivity pods.

Intro: They are lined up at the juice bar, debating celery.
Outro: The coaches have retreated to their ergonomic chairs.

Scores:
- Physicality: 5, 5, 5, 5, 5, 5, 5, 5, 5, 5, 5, 5, 5, 5, 5
- Minimalism: 5, 5, 5, 5, 5, 5, 5, 5, 5, 5, 5, 5, 5, 5, 5
- Absurdity: 4, 5, 3, 5, 3, 5, 4, 5, 5, 3, 3, 5, 3, 4, 4
- Storylessness: 5, 5, 5, 5, 5, 5, 5, 5, 5, 5, 5, 5, 5, 5, 5

Best example:
Intro: They are stacking ergonomic chairs in the corner of the room.  
Outro: The coaches have relocated to the nearby coffee bar.

Gold standard match:
Intro: 19. They are gathering by the watercooler.
Outro: The coaches have wandered back to their executive suites.
