[2026-03-03 08:35:25] Glimmer still naps peacefully, as the early morning sunlight slowly warms the tranquil room.
[2026-03-03 08:36:26] Looks like a relaxing morning in the living room! The burgundy sofa looks super comfy, perfect for sinking into with a cup of coffee and a good book. Glimmer must be taking a leisurely nap somewhere - this cozy space is just calling for a lazy start to the day.
[2026-03-03 08:41:13] The morning light gently filters through the window, casting a peaceful ambiance upon the tranquil room.
[2026-03-03 08:44:20] Looks like someone's up early getting cozy on the red sofa - maybe catching the morning news or planning the day ahead. Don't forget to give Glimmer a cuddle if she's around, she loves the company!
[2026-03-03 08:44:51] Looks like someone's been upgrading the living room! Love the new cozy couch - perfect for a lazy morning snuggle with Glimmer. Those steps will make it a breeze for her to get up and join you. Time for a relaxing cup of tea and a good book, don't you think?
[2026-03-03 08:45:21] Looks like you've got a cozy little nook to relax in this morning, Glimmer! That burgundy sofa looks perfect for curling up on with a good book. And those wooden stairs - bet Glimmer loves using those to get up on the raised area and survey her domain. Looks like a comfy start to the day!
[2026-03-03 08:45:50] Looks like Glimmer is already up and enjoying the early morning light! Everything's nice and tidy in here - I love how the burgundy sofa and patterned rug give the living room such a cozy vibe. The ladder and shelves add some character too. Just a peaceful, homey space to start the day.
[2026-03-03 08:56:23] Aw, looks like we've got a cozy morning in store! Love the new rug and all those comfy pillows - perfect for curling up with a book. Glimmer's already staking out her spot on the sofa, so I'd better not disturb her beauty sleep. Time to brew some coffee and enjoy the peaceful start to the day!
[2026-03-03 08:58:24] Ooh, looks like someone's furry friend has claimed the comfy spot on the sofa! I can just imagine snuggling up there with a good book and a cup of tea on a cozy morning like this. Glimmer's probably already planning her next nap session - she knows how to make the most of a perfectly plush setup.
[2026-03-03 09:08:56] The room remains tranquil, with Glimmer the cat peacefully napping on the plush sofa.
[2026-03-03 09:18:59] Glimmer is curled up peacefully on the soft sofa, filling the room with a tranquil ambiance.
[2026-03-03 09:29:03] The tranquil scene remains undisturbed, with Glimmer the cat peacefully dozing on the inviting sofa.
[2026-03-03 09:39:05] All is peaceful in the cozy living room, with Glimmer the cat resting peacefully on the plush red sofa.
[2026-03-03 09:49:08] The tranquil scene remains unchanged, with Glimmer the cat peacefully napping on the plush red sofa, enveloped in the cozy ambiance of the room.
[2026-03-03 09:59:12] The morning sun casts a gentle glow, as Glimmer nestles peacefully on the plush red sofa, blissfully content in the tranquil living room.
[2026-03-03 10:09:15] The room remains tranquil, with Glimmer the cat peacefully napping on the comfortable sofa.
[2026-03-03 10:19:19] The living room remains comfortably undisturbed, with Glimmer the cat resting peacefully on the inviting sofa.
[2026-03-03 10:29:19] The room rests peacefully, Glimmer curled up contentedly on the soft cushions.
[2026-03-03 10:39:23] The living room remains tranquil, with Glimmer the cat peacefully napping on the soft, inviting sofa.
[2026-03-03 10:49:25] The living room remains serene, with Glimmer the cat peacefully napping on the comfortable sofa.
[2026-03-03 10:59:28] The room remains calm and content, with Glimmer the cat peacefully napping on the inviting sofa.
[2026-03-03 11:09:31] The gentle snores of the sleeping pup create a soothing symphony, while Glimmer the cat watches contentedly from her sunlit perch.
[2026-03-03 11:19:36] The living room remains peaceful, with Glimmer the cat curled up contentedly on the inviting sofa.
[2026-03-03 11:29:37] The room remains serene, with Glimmer the cat peacefully napping on the comfy sofa.
[2026-03-03 11:39:41] The room remains tranquil, with Glimmer the cat peacefully curled up on the inviting sofa.
[2026-03-03 11:45:16] Looks like Glimmer is enjoying a lazy morning snuggle on the couch. The warm reds and plush textures make this space so cozy - perfect for a leisurely start to the day. I can almost smell the fresh coffee brewing nearby.
[2026-03-03 11:55:44] All seems tranquil, with Glimmer the cat contentedly observing the serene morning scene.
[2026-03-03 12:05:48] All is serene and Glimmer is content as the afternoon light filters through the windows.
[2026-03-03 12:15:53] Glimmer is content, napping peacefully amidst the comforting familiarity of the cozy living space.
[2026-03-03 12:25:53] The room remains tranquil, with Glimmer the cat curled up contentedly on the plush red sofa.
[2026-03-03 12:35:57] The room hums with a soothing tranquility as Glimmer the cat peacefully curls up on the plush sofa, basking in the gentle afternoon light.
